[debug] [2018-10-23T11:02:07.780Z] ----------------------------------------------------------------------
[debug] [2018-10-23T11:02:07.784Z] Command:       /usr/local/bin/node /usr/local/bin/firebase deploy
[debug] [2018-10-23T11:02:07.784Z] CLI Version:   4.2.1
[debug] [2018-10-23T11:02:07.784Z] Platform:      darwin
[debug] [2018-10-23T11:02:07.784Z] Node Version:  v8.12.0
[debug] [2018-10-23T11:02:07.785Z] Time:          Tue Oct 23 2018 12:02:07 GMT+0100 (WAT)
[debug] [2018-10-23T11:02:07.785Z] ----------------------------------------------------------------------
[debug] 
[debug] [2018-10-23T11:02:07.835Z] > command requires scopes: ["email","openid","https://www.googleapis.com/auth/cloudplatformprojects.readonly","https://www.googleapis.com/auth/firebase","https://www.googleapis.com/auth/cloud-platform"]
[debug] [2018-10-23T11:02:07.835Z] > authorizing via signed-in user
[debug] [2018-10-23T11:02:07.838Z] > refreshing access token with scopes: ["email","https://www.googleapis.com/auth/cloud-platform","https://www.googleapis.com/auth/cloudplatformprojects.readonly","https://www.googleapis.com/auth/firebase","openid"]
[debug] [2018-10-23T11:02:07.838Z] >>> HTTP REQUEST POST https://www.googleapis.com/oauth2/v3/token  

[debug] [2018-10-23T11:02:23.358Z] <<< HTTP RESPONSE 200
[debug] [2018-10-23T11:02:23.416Z] >>> HTTP REQUEST GET https://admin.firebase.com/v1/projects/trend-76131  
 
[debug] [2018-10-23T11:02:43.664Z] <<< HTTP RESPONSE 200
[warn] ⚠  functions: package.json indicates an outdated version of firebase-functions.
 Please upgrade using npm install --save firebase-functions@latest in your functions directory.
[info] 
[info] === Deploying to 'trend-76131'...
[info] 
[info] i  deploying database, firestore, functions, hosting
[info] Running command: npm run predeploy
[info] Running command: npm --prefix ./functions run build
[info] ✔  functions: Finished running predeploy script.
[info] i  database: checking rules syntax...
[debug] [2018-10-23T11:03:27.235Z] >>> HTTP REQUEST PUT https://trend-76131.firebaseio.com/.settings/rules.json?dryRun=true  
 {
  "rules": {
    ".read": false,
    ".write": false
  }
}

[debug] [2018-10-23T11:03:38.838Z] <<< HTTP RESPONSE 200
[info] ✔  database: rules syntax for database trend-76131 is valid
[info] i  firestore: checking firestore.rules for compilation errors...
[debug] [2018-10-23T11:03:38.894Z] >>> HTTP REQUEST POST https://firebaserules.googleapis.com/v1/projects/trend-76131:test  

[debug] [2018-10-23T11:03:52.453Z] <<< HTTP RESPONSE 200
[info] ✔  firestore: rules file firestore.rules compiled successfully
[debug] [2018-10-23T11:03:52.455Z] > [functions] package.json contents: {
  "name": "hoverboard-functions",
  "description": "Hoverboard serverless functions",
  "private": true,
  "main": "dist/index.js",
  "scripts": {
    "prebuild": "rimraf dist",
    "build": "babel src --out-dir dist --source-maps",
    "postbuild": "cpx ../build/index.html dist/"
  },
  "dependencies": {
    "@google-cloud/storage": "^1.6.0",
    "child-process-promise": "^2.2.1",
    "cpx": "^1.5.0",
    "express": "^4.16.3",
    "firebase-admin": "^5.12.0",
    "firebase-functions": "^1.0.1",
    "md5": "^2.2.1",
    "mkdirp-promise": "^5.0.1",
    "moment": "^2.22.0",
    "node-fetch": "^2.1.2",
    "nodemailer": "^4.6.8"
  },
  "devDependencies": {
    "@babel/cli": "^7.0.0-beta.54",
    "@babel/core": "^7.0.0-beta.54",
    "@babel/preset-env": "^7.0.0-beta.54",
    "@babel/plugin-proposal-object-rest-spread": "^7.0.0-beta.54",
    "rimraf": "^2.6.2"
  }
}
[info] i  functions: ensuring necessary APIs are enabled...
[debug] [2018-10-23T11:03:52.457Z] >>> HTTP REQUEST GET https://servicemanagement.googleapis.com/v1/services/cloudfunctions.googleapis.com/projectSettings/trend-76131?view=CONSUMER_VIEW  
 
[debug] [2018-10-23T11:03:52.459Z] >>> HTTP REQUEST GET https://servicemanagement.googleapis.com/v1/services/runtimeconfig.googleapis.com/projectSettings/trend-76131?view=CONSUMER_VIEW  
 
[debug] [2018-10-23T11:04:06.177Z] <<< HTTP RESPONSE 200
[debug] [2018-10-23T11:04:09.242Z] <<< HTTP RESPONSE 200
[info] ✔  functions: all necessary APIs are enabled
[debug] [2018-10-23T11:04:09.243Z] >>> HTTP REQUEST GET https://cloudresourcemanager.googleapis.com/v1/projects/trend-76131  
 
[debug] [2018-10-23T11:04:21.174Z] <<< HTTP RESPONSE 200
[debug] [2018-10-23T11:04:21.175Z] >>> HTTP REQUEST GET https://mobilesdk-pa.googleapis.com/v1/projects/741060922086:getServerAppConfig  
 
[debug] [2018-10-23T11:04:43.130Z] <<< HTTP RESPONSE 200
[debug] [2018-10-23T11:04:43.132Z] >>> HTTP REQUEST POST https://firebasehosting.googleapis.com/v1beta1/sites/trend-76131/versions  

[debug] [2018-10-23T11:05:04.963Z] <<< HTTP RESPONSE 200
[info] i  firestore: uploading rules firestore.rules...
[debug] [2018-10-23T11:05:04.966Z] >>> HTTP REQUEST POST https://firebaserules.googleapis.com/v1/projects/trend-76131/rulesets  

[debug] [2018-10-23T11:05:04.967Z] >>> HTTP REQUEST GET https://firestore.googleapis.com/v1beta1/projects/trend-76131/databases/(default)/indexes  
 
[debug] [2018-10-23T11:05:14.498Z] <<< HTTP RESPONSE 200
[debug] [2018-10-23T11:05:15.746Z] <<< HTTP RESPONSE 200
[debug] [2018-10-23T11:05:15.746Z] [rules] created ruleset projects/trend-76131/rulesets/b3c87960-0503-4b87-811a-23aac304c02e
[info] i  functions: preparing functions directory for uploading...
[info] i  functions: packaged functions (136.27 KB) for uploading
[debug] [2018-10-23T11:05:19.107Z] >>> HTTP REQUEST POST https://cloudfunctions.googleapis.com/v1/projects/trend-76131/locations/us-central1/functions:generateUploadUrl  
 
[debug] [2018-10-23T11:05:31.320Z] <<< HTTP RESPONSE 200
[debug] [2018-10-23T11:05:31.321Z] >>> HTTP REQUEST PUT https://storage.googleapis.com/gcf-upload-us-central1-244848d5-9cb3-4c18-bc0f-aa8d01e05d8e/4775a356-d9f2-49de-9fcd-3ec66ea8cd88.zip?GoogleAccessId=service-741060922086@gcf-admin-robot.iam.gserviceaccount.com&Expires=1540294529&Signature=bMVQ%2FyKmzLI4D2Lky%2FlxTIIId0S%2BOs2KorJjp54uq3fgWGmklKiHoJN%2BbaMrvfxcTQI7TVXq08rb31VAPaC3cWqG2RPxXYeZnd%2BW2PjdeKOQUgWLBrbOh4FG7p3pmm4jMelVqvNjs%2BJLhNJPGF1MbEALa21XqYNbrr%2BZxI45KUgxCG4L%2Fr1QcBR1WCB59doRgy%2FpXWDWkUoyXzy8YmMWE5Q8jauCPINahLlfE3GgtxEowkR7sMXysOb17GMNTkbovtOzCjYs%2F3zI6ECGC6za%2FSel8mb7o1ztnEAraPXxIRCNxmt8EGmnkGtgUvr2oUREUTcaAG7tAZettmhax1MyAA%3D%3D  

[debug] [2018-10-23T11:05:56.743Z] <<< HTTP RESPONSE 200
[info] ✔  functions: functions folder uploaded successfully
[info] i  hosting[trend-76131]: beginning deploy...
[info] i  hosting[trend-76131]: found 108 files in ./build
[debug] [2018-10-23T11:05:57.079Z] [hosting] hash cache [YnVpbGQ] stored for 108 files
[debug] [2018-10-23T11:05:57.080Z] [hosting][hash queue][FINAL]
[debug] [2018-10-23T11:05:57.080Z] >>> HTTP REQUEST POST https://firebasehosting.googleapis.com/v1beta1/sites/trend-76131/versions/7492ed7503ce31dc:populateFiles  
 <request body omitted>
[debug] [2018-10-23T11:06:09.527Z] <<< HTTP RESPONSE 200
[debug] [2018-10-23T11:06:09.532Z] [hosting][populate queue][FINAL]
[debug] [2018-10-23T11:06:09.532Z] [hosting] uploads queued: 3
[debug] [2018-10-23T11:06:32.757Z] [hosting][upload queue][FINAL]
[info] ✔  hosting[trend-76131]: file upload complete
[debug] [2018-10-23T11:06:32.759Z] [hosting] deploy completed after 36014ms
[info] i  database: releasing rules...
[debug] [2018-10-23T11:06:45.019Z] >>> HTTP REQUEST PUT https://trend-76131.firebaseio.com/.settings/rules.json  
 {
  "rules": {
    ".read": false,
    ".write": false
  }
}

[debug] [2018-10-23T11:06:57.698Z] <<< HTTP RESPONSE 200
[info] ✔  database: rules for database trend-76131 released successfully
[debug] [2018-10-23T11:06:57.699Z] [rules] releasing cloud.firestore with ruleset projects/trend-76131/rulesets/b3c87960-0503-4b87-811a-23aac304c02e
[debug] [2018-10-23T11:06:57.699Z] >>> HTTP REQUEST PATCH https://firebaserules.googleapis.com/v1/projects/trend-76131/releases/cloud.firestore  

[debug] [2018-10-23T11:07:13.387Z] <<< HTTP RESPONSE 200
[debug] [2018-10-23T11:07:13.387Z] [rules] updated release projects/trend-76131/releases/cloud.firestore
[info] ✔  firestore: released rules firestore.rules to cloud.firestore
[debug] [2018-10-23T11:07:13.389Z] >>> HTTP REQUEST GET https://cloudfunctions.googleapis.com/v1/projects/trend-76131/locations/-/functions  
 
[debug] [2018-10-23T11:07:50.073Z] [functions] failed to list functions for trend-76131
[debug] [2018-10-23T11:07:50.073Z] [functions] Server Error. socket hang up
[debug] [2018-10-23T11:08:44.830Z] 
[error] 
[error] Error: An unexpected error has occurred.
[debug] [2018-10-23T11:11:54.518Z] ----------------------------------------------------------------------
[debug] [2018-10-23T11:11:54.521Z] Command:       /usr/local/bin/node /usr/local/bin/firebase deploy
[debug] [2018-10-23T11:11:54.522Z] CLI Version:   4.2.1
[debug] [2018-10-23T11:11:54.522Z] Platform:      darwin
[debug] [2018-10-23T11:11:54.522Z] Node Version:  v8.12.0
[debug] [2018-10-23T11:11:54.523Z] Time:          Tue Oct 23 2018 12:11:54 GMT+0100 (WAT)
[debug] [2018-10-23T11:11:54.523Z] ----------------------------------------------------------------------
[debug] 
[debug] [2018-10-23T11:11:54.573Z] > command requires scopes: ["email","openid","https://www.googleapis.com/auth/cloudplatformprojects.readonly","https://www.googleapis.com/auth/firebase","https://www.googleapis.com/auth/cloud-platform"]
[debug] [2018-10-23T11:11:54.574Z] > authorizing via signed-in user
[debug] [2018-10-23T11:11:54.576Z] >>> HTTP REQUEST GET https://admin.firebase.com/v1/projects/trend-76131  
 
[debug] [2018-10-23T11:12:18.825Z] <<< HTTP RESPONSE 200
